# JRE version: OpenJDK Runtime Environment (8.0_112-b05) (build 1.8.0_112-release-b05)
# Java VM: OpenJDK 64-Bit Server VM (25.112-b05 mixed mode bsd-amd64 compressed oops)
Heap:
 PSYoungGen      total 476672K, used 20385K [0x00000007a0000000, 0x00000007bfa00000, 0x00000007c0000000)
  eden space 437248K, 4% used [0x00000007a0000000,0x00000007a13e8700,0x00000007bab00000)
  from space 39424K, 0% used [0x00000007bd380000,0x00000007bd380000,0x00000007bfa00000)
  to   space 40448K, 0% used [0x00000007bab00000,0x00000007bab00000,0x00000007bd280000)
 ParOldGen       total 211456K, used 67687K [0x0000000760000000, 0x000000076ce80000, 0x00000007a0000000)
  object space 211456K, 32% used [0x0000000760000000,0x0000000764219c78,0x000000076ce80000)
 Metaspace       used 77558K, capacity 82564K, committed 82816K, reserved 1122304K
  class space    used 9943K, capacity 10788K, committed 10880K, reserved 1048576K
GC Heap History (10 events):
Event: 2200.517 GC heap before
{Heap before GC invocations=40 (full 8):
 PSYoungGen      total 474624K, used 131522K [0x00000007a0000000, 0x00000007c0000000, 0x00000007c0000000)
  eden space 431616K, 30% used [0x00000007a0000000,0x00000007a8070b98,0x00000007ba580000)
  from space 43008K, 0% used [0x00000007ba580000,0x00000007ba580000,0x00000007bcf80000)
  to   space 44032K, 0% used [0x00000007bd500000,0x00000007bd500000,0x00000007c0000000)
 ParOldGen       total 211456K, used 83899K [0x0000000760000000, 0x000000076ce80000, 0x00000007a0000000)
  object space 211456K, 39% used [0x0000000760000000,0x00000007651eee38,0x000000076ce80000)
 Metaspace       used 76965K, capacity 81326K, committed 81920K, reserved 1120256K
  class space    used 9855K, capacity 10639K, committed 10752K, reserved 1048576K
Event: 2200.528 GC heap after
Heap after GC invocations=40 (full 8):
 PSYoungGen      total 481280K, used 6318K [0x00000007a0000000, 0x00000007c0000000, 0x00000007c0000000)
  eden space 437248K, 0% used [0x00000007a0000000,0x00000007a0000000,0x00000007bab00000)
  from space 44032K, 14% used [0x00000007bd500000,0x00000007bdb2bb10,0x00000007c0000000)
  to   space 43008K, 0% used [0x00000007bab00000,0x00000007bab00000,0x00000007bd500000)
 ParOldGen       total 211456K, used 83907K [0x0000000760000000, 0x000000076ce80000, 0x00000007a0000000)
  object space 211456K, 39% used [0x0000000760000000,0x00000007651f0e38,0x000000076ce80000)
 Metaspace       used 76965K, capacity 81326K, committed 81920K, reserved 1120256K
  class space    used 9855K, capacity 10639K, committed 10752K, reserved 1048576K
}
Event: 2200.528 GC heap before
{Heap before GC invocations=41 (full 9):
 PSYoungGen      total 481280K, used 6318K [0x00000007a0000000, 0x00000007c0000000, 0x00000007c0000000)
  eden space 437248K, 0% used [0x00000007a0000000,0x00000007a0000000,0x00000007bab00000)
  from space 44032K, 14% used [0x00000007bd500000,0x00000007bdb2bb10,0x00000007c0000000)
  to   space 43008K, 0% used [0x00000007bab00000,0x00000007bab00000,0x00000007bd500000)
 ParOldGen       total 211456K, used 83907K [0x0000000760000000, 0x000000076ce80000, 0x00000007a0000000)
  object space 211456K, 39% used [0x0000000760000000,0x00000007651f0e38,0x000000076ce80000)
 Metaspace       used 76965K, capacity 81326K, committed 81920K, reserved 1120256K
  class space    used 9855K, capacity 10639K, committed 10752K, reserved 1048576K
Event: 2201.044 GC heap after
Heap after GC invocations=41 (full 9):
 PSYoungGen      total 481280K, used 0K [0x00000007a0000000, 0x00000007c0000000, 0x00000007c0000000)
  eden space 437248K, 0% used [0x00000007a0000000,0x00000007a0000000,0x00000007bab00000)
  from space 44032K, 0% used [0x00000007bd500000,0x00000007bd500000,0x00000007c0000000)
  to   space 43008K, 0% used [0x00000007bab00000,0x00000007bab00000,0x00000007bd500000)
 ParOldGen       total 211456K, used 62872K [0x0000000760000000, 0x000000076ce80000, 0x00000007a0000000)
  object space 211456K, 29% used [0x0000000760000000,0x0000000763d66138,0x000000076ce80000)
 Metaspace       used 76938K, capacity 81238K, committed 81920K, reserved 1120256K
  class space    used 9847K, capacity 10631K, committed 10752K, reserved 1048576K
}
Event: 2356.937 GC heap before
{Heap before GC invocations=42 (full 9):
 PSYoungGen      total 481280K, used 437248K [0x00000007a0000000, 0x00000007c0000000, 0x00000007c0000000)
  eden space 437248K, 100% used [0x00000007a0000000,0x00000007bab00000,0x00000007bab00000)
  from space 44032K, 0% used [0x00000007bd500000,0x00000007bd500000,0x00000007c0000000)
  to   space 43008K, 0% used [0x00000007bab00000,0x00000007bab00000,0x00000007bd500000)
 ParOldGen       total 211456K, used 62872K [0x0000000760000000, 0x000000076ce80000, 0x00000007a0000000)
  object space 211456K, 29% used [0x0000000760000000,0x0000000763d66138,0x000000076ce80000)
 Metaspace       used 77233K, capacity 81876K, committed 82176K, reserved 1120256K
  class space    used 9881K, capacity 10680K, committed 10752K, reserved 1048576K
Event: 2356.953 GC heap after
Heap after GC invocations=42 (full 9):
 PSYoungGen      total 448000K, used 10352K [0x00000007a0000000, 0x00000007bfc00000, 0x00000007c0000000)
  eden space 437248K, 0% used [0x00000007a0000000,0x00000007a0000000,0x00000007bab00000)
  from space 10752K, 96% used [0x00000007bab00000,0x00000007bb51c010,0x00000007bb580000)
  to   space 41472K, 0% used [0x00000007bd380000,0x00000007bd380000,0x00000007bfc00000)
 ParOldGen       total 211456K, used 62880K [0x0000000760000000, 0x000000076ce80000, 0x00000007a0000000)
  object space 211456K, 29% used [0x0000000760000000,0x0000000763d68138,0x000000076ce80000)
 Metaspace       used 77233K, capacity 81876K, committed 82176K, reserved 1120256K
  class space    used 9881K, capacity 10680K, committed 10752K, reserved 1048576K
}
Event: 2359.444 GC heap before
{Heap before GC invocations=43 (full 9):
 PSYoungGen      total 448000K, used 173039K [0x00000007a0000000, 0x00000007bfc00000, 0x00000007c0000000)
  eden space 437248K, 37% used [0x00000007a0000000,0x00000007a9edff40,0x00000007bab00000)
  from space 10752K, 96% used [0x00000007bab00000,0x00000007bb51c010,0x00000007bb580000)
  to   space 41472K, 0% used [0x00000007bd380000,0x00000007bd380000,0x00000007bfc00000)
 ParOldGen       total 211456K, used 62880K [0x0000000760000000, 0x000000076ce80000, 0x00000007a0000000)
  object space 211456K, 29% used [0x0000000760000000,0x0000000763d68138,0x000000076ce80000)
 Metaspace       used 77314K, capacity 81894K, committed 82176K, reserved 1120256K
  class space    used 9883K, capacity 10683K, committed 10752K, reserved 1048576K
Event: 2359.453 GC heap after
Heap after GC invocations=43 (full 9):
 PSYoungGen      total 476672K, used 6928K [0x00000007a0000000, 0x00000007bfa00000, 0x00000007c0000000)
  eden space 437248K, 0% used [0x00000007a0000000,0x00000007a0000000,0x00000007bab00000)
  from space 39424K, 17% used [0x00000007bd380000,0x00000007bda44030,0x00000007bfa00000)
  to   space 40448K, 0% used [0x00000007bab00000,0x00000007bab00000,0x00000007bd280000)
 ParOldGen       total 211456K, used 62888K [0x0000000760000000, 0x000000076ce80000, 0x00000007a0000000)
  object space 211456K, 29% used [0x0000000760000000,0x0000000763d6a138,0x000000076ce80000)
 Metaspace       used 77314K, capacity 81894K, committed 82176K, reserved 1120256K
  class space    used 9883K, capacity 10683K, committed 10752K, reserved 1048576K
}
Event: 2359.453 GC heap before
{Heap before GC invocations=44 (full 10):
 PSYoungGen      total 476672K, used 6928K [0x00000007a0000000, 0x00000007bfa00000, 0x00000007c0000000)
  eden space 437248K, 0% used [0x00000007a0000000,0x00000007a0000000,0x00000007bab00000)
  from space 39424K, 17% used [0x00000007bd380000,0x00000007bda44030,0x00000007bfa00000)
  to   space 40448K, 0% used [0x00000007bab00000,0x00000007bab00000,0x00000007bd280000)
 ParOldGen       total 211456K, used 62888K [0x0000000760000000, 0x000000076ce80000, 0x00000007a0000000)
  object space 211456K, 29% used [0x0000000760000000,0x0000000763d6a138,0x000000076ce80000)
 Metaspace       used 77314K, capacity 81894K, committed 82176K, reserved 1120256K
  class space    used 9883K, capacity 10683K, committed 10752K, reserved 1048576K
Event: 2359.762 GC heap after
Heap after GC invocations=44 (full 10):
 PSYoungGen      total 476672K, used 0K [0x00000007a0000000, 0x00000007bfa00000, 0x00000007c0000000)
  eden space 437248K, 0% used [0x00000007a0000000,0x00000007a0000000,0x00000007bab00000)
  from space 39424K, 0% used [0x00000007bd380000,0x00000007bd380000,0x00000007bfa00000)
  to   space 40448K, 0% used [0x00000007bab00000,0x00000007bab00000,0x00000007bd280000)
 ParOldGen       total 211456K, used 67687K [0x0000000760000000, 0x000000076ce80000, 0x00000007a0000000)
  object space 211456K, 32% used [0x0000000760000000,0x0000000764219c78,0x000000076ce80000)
 Metaspace       used 77314K, capacity 81894K, committed 82176K, reserved 1120256K
  class space    used 9883K, capacity 10683K, committed 10752K, reserved 1048576K
}

